 %% NO MODIFIQUE NI ELIMINE ESTE ARCHIVO. %% 
 %% Este archivo contiene información acerca de la instalación de una aplicación. %% 
 %% Se utilizará para quitar automáticamente de su PC todos los componentes de la aplicación, si elige hacerlo. %% 


NOTE: Inicio de la sección bootstrapper

CONFIG: Title: "Sistema del almacen general"

ACTION: RegKey: "HKEY_LOCAL_MACHINE\SOFTWARE\Microsoft\Windows\CurrentVersion", "SharedDLLs"

ACTION: SystemFile: "C:\Windows\System32\VB6STKIT.DLL"
(No se puede encontrar el archivo o es de una versión antigua; se ha copiado el archivo nuevo)

ACTION: SystemFile: "C:\WINDOWS\SYSTEM32\COMCAT.DLL"
(El archivo en disco ya estaba actualizado)

ACTION: SystemFile: "C:\WINDOWS\SYSTEM32\MSVCRT40.DLL"
(El archivo en disco ya estaba actualizado)

ACTION: SystemFile: "C:\Windows\System32\VB6ES.DLL"
(No se puede encontrar el archivo o es de una versión antigua; se ha copiado el archivo nuevo)

ACTION: SystemFile: "C:\WINDOWS\SYSTEM32\STDOLE2.TLB"
(El archivo en disco ya estaba actualizado)

ACTION: SystemFile: "C:\WINDOWS\SYSTEM32\ASYCFILT.DLL"
(El archivo en disco ya estaba actualizado)

ACTION: SystemFile: "C:\WINDOWS\SYSTEM32\OLEPRO32.DLL"
(El archivo en disco ya estaba actualizado)

ACTION: SystemFile: "C:\WINDOWS\SYSTEM32\OLEAUT32.DLL"
(El archivo en disco ya estaba actualizado)

ACTION: SystemFile: "C:\WINDOWS\SYSTEM32\msvbvm60.dll"
(El archivo en disco ya estaba actualizado)

ACTION: DllSelfRegister: "C:\WINDOWS\SYSTEM32\COMCAT.DLL"

ACTION: TLBRegister: "C:\WINDOWS\SYSTEM32\STDOLE2.TLB"

ACTION: DllSelfRegister: "C:\WINDOWS\SYSTEM32\OLEPRO32.DLL"

ACTION: DllSelfRegister: "C:\WINDOWS\SYSTEM32\OLEAUT32.DLL"

ACTION: DllSelfRegister: "C:\WINDOWS\SYSTEM32\msvbvm60.dll"

NOTE: Final de la sección bootstrapper

NOTE: Inicializando el programa principal de instalación 'Setup1.exe'....

ACTION: CreateDir: "C:\Users\fserna\AppData\Roaming\Microsoft\Windows\Start Menu\Programs\Sistema Integral de Distribución"

ACTION: SharedFile: "C:\sistemas\desarrollo\oracle\SID.SID"
(El archivo en disco ya estaba actualizado)

ACTION: SharedFile: "C:\Windows\System32\vbskfree.ocx"
(No se puede encontrar el archivo o es de una versión antigua; se ha copiado el archivo nuevo)

ACTION: SharedFile: "C:\Windows\System32\combomultic.ocx"
(No se puede encontrar el archivo o es de una versión antigua; se ha copiado el archivo nuevo)

ACTION: SharedFile: "C:\Windows\System32\xp.ocx"
(No se puede encontrar el archivo o es de una versión antigua; se ha copiado el archivo nuevo)

ACTION: SharedFile: "C:\Windows\System32\x3fwkes.dll"
(No se puede encontrar el archivo o es de una versión antigua; se ha copiado el archivo nuevo)

ACTION: SharedFile: "C:\Windows\System32\x3fwdes.dll"
(No se puede encontrar el archivo o es de una versión antigua; se ha copiado el archivo nuevo)

ACTION: SharedFile: "C:\Windows\System32\x3ftxes.dll"
(No se puede encontrar el archivo o es de una versión antigua; se ha copiado el archivo nuevo)

ACTION: SharedFile: "C:\Windows\System32\x3fsves.dll"
(No se puede encontrar el archivo o es de una versión antigua; se ha copiado el archivo nuevo)

ACTION: SharedFile: "C:\Windows\System32\x3frtes.dll"
(No se puede encontrar el archivo o es de una versión antigua; se ha copiado el archivo nuevo)

ACTION: SharedFile: "C:\sistemas\desarrollo\oracle\x3frdes.dll"
(No se puede encontrar el archivo o es de una versión antigua; se ha copiado el archivo nuevo)

ACTION: SharedFile: "C:\Windows\System32\x3fxles.dll"
(No se puede encontrar el archivo o es de una versión antigua; se ha copiado el archivo nuevo)

ACTION: SharedFile: "C:\Windows\System32\x3fodes.dll"
(No se puede encontrar el archivo o es de una versión antigua; se ha copiado el archivo nuevo)

ACTION: SharedFile: "C:\Windows\System32\x3fhtes.dll"
(No se puede encontrar el archivo o es de una versión antigua; se ha copiado el archivo nuevo)

ACTION: SharedFile: "C:\Windows\System32\x3fdfes.dll"
(No se puede encontrar el archivo o es de una versión antigua; se ha copiado el archivo nuevo)

ACTION: SharedFile: "C:\Windows\System32\x3fcres.dll"
(No se puede encontrar el archivo o es de una versión antigua; se ha copiado el archivo nuevo)

ACTION: SharedFile: "C:\Windows\System32\x3dvmes.dll"
(No se puede encontrar el archivo o es de una versión antigua; se ha copiado el archivo nuevo)

ACTION: SharedFile: "C:\Windows\System32\x3dptes.dll"
(No se puede encontrar el archivo o es de una versión antigua; se ha copiado el archivo nuevo)

ACTION: SharedFile: "C:\Windows\System32\x3dntes.dll"
(No se puede encontrar el archivo o es de una versión antigua; se ha copiado el archivo nuevo)

ACTION: SharedFile: "C:\Windows\System32\x3dmpes.dll"
(No se puede encontrar el archivo o es de una versión antigua; se ha copiado el archivo nuevo)

ACTION: SharedFile: "C:\Windows\System32\x3ddkes.dll"
(No se puede encontrar el archivo o es de una versión antigua; se ha copiado el archivo nuevo)

ACTION: SharedFile: "C:\Windows\System32\x3dapes.dll"
(No se puede encontrar el archivo o es de una versión antigua; se ha copiado el archivo nuevo)

ACTION: SharedFile: "C:\Windows\System32\u252000.dll"
(No se puede encontrar el archivo o es de una versión antigua; se ha copiado el archivo nuevo)

ACTION: SharedFile: "C:\Windows\System32\u3520es.dll"
(No se puede encontrar el archivo o es de una versión antigua; se ha copiado el archivo nuevo)

ACTION: SharedFile: "C:\Windows\System32\u25dts.dll"
(No se puede encontrar el archivo o es de una versión antigua; se ha copiado el archivo nuevo)

ACTION: SharedFile: "C:\Windows\System32\u3lxces.dll"
(No se puede encontrar el archivo o es de una versión antigua; se ha copiado el archivo nuevo)

ACTION: SharedFile: "C:\Windows\System32\x3frces.dll"
(No se puede encontrar el archivo o es de una versión antigua; se ha copiado el archivo nuevo)

ACTION: SharedFile: "C:\Windows\System32\u3lfres.dll"
(No se puede encontrar el archivo o es de una versión antigua; se ha copiado el archivo nuevo)

ACTION: SharedFile: "C:\Windows\System32\u3l20es.dll"
(No se puede encontrar el archivo o es de una versión antigua; se ha copiado el archivo nuevo)

ACTION: SharedFile: "C:\Windows\System32\u2lsamp1.dll"
(No se puede encontrar el archivo o es de una versión antigua; se ha copiado el archivo nuevo)

ACTION: SharedFile: "C:\Windows\System32\u2lfinra.dll"
(No se puede encontrar el archivo o es de una versión antigua; se ha copiado el archivo nuevo)

ACTION: SharedFile: "C:\Windows\System32\u2lexch.dll"
(No se puede encontrar el archivo o es de una versión antigua; se ha copiado el archivo nuevo)

ACTION: SharedFile: "C:\Windows\System32\u2ldts.dll"
(No se puede encontrar el archivo o es de una versión antigua; se ha copiado el archivo nuevo)

ACTION: SharedFile: "C:\Windows\System32\u2lcom.dll"
(No se puede encontrar el archivo o es de una versión antigua; se ha copiado el archivo nuevo)

ACTION: SharedFile: "C:\Windows\System32\u2l2000.dll"
(No se puede encontrar el archivo o es de una versión antigua; se ha copiado el archivo nuevo)

ACTION: SharedFile: "C:\Windows\System32\u2fxls.dll"
(No se puede encontrar el archivo o es de una versión antigua; se ha copiado el archivo nuevo)

ACTION: SharedFile: "C:\Windows\System32\u2fwordw.dll"
(No se puede encontrar el archivo o es de una versión antigua; se ha copiado el archivo nuevo)

ACTION: SharedFile: "C:\Windows\System32\u2fwks.dll"
(No se puede encontrar el archivo o es de una versión antigua; se ha copiado el archivo nuevo)

ACTION: SharedFile: "C:\Windows\System32\u2ftext.dll"
(No se puede encontrar el archivo o es de una versión antigua; se ha copiado el archivo nuevo)

ACTION: SharedFile: "C:\Windows\System32\u2fsepv.dll"
(No se puede encontrar el archivo o es de una versión antigua; se ha copiado el archivo nuevo)

ACTION: SharedFile: "C:\Windows\System32\u2frtf.dll"
(No se puede encontrar el archivo o es de una versión antigua; se ha copiado el archivo nuevo)

ACTION: SharedFile: "C:\Windows\System32\u3ls1es.dll"
(No se puede encontrar el archivo o es de una versión antigua; se ha copiado el archivo nuevo)

ACTION: SharedFile: "C:\sistemas\desarrollo\oracle\u2frdef.dll"
(No se puede encontrar el archivo o es de una versión antigua; se ha copiado el archivo nuevo)

ACTION: SharedFile: "C:\Windows\System32\u2fodbc.dll"
(No se puede encontrar el archivo o es de una versión antigua; se ha copiado el archivo nuevo)

ACTION: SharedFile: "C:\Windows\System32\u2fhtml.dll"
(No se puede encontrar el archivo o es de una versión antigua; se ha copiado el archivo nuevo)

ACTION: SharedFile: "C:\Windows\System32\u2fdif.dll"
(No se puede encontrar el archivo o es de una versión antigua; se ha copiado el archivo nuevo)

ACTION: SharedFile: "C:\Windows\System32\u2fcr.dll"
(No se puede encontrar el archivo o es de una versión antigua; se ha copiado el archivo nuevo)

ACTION: SharedFile: "C:\Windows\System32\u2dvim.dll"
(No se puede encontrar el archivo o es de una versión antigua; se ha copiado el archivo nuevo)

ACTION: SharedFile: "C:\Windows\System32\u2dpost.dll"
(No se puede encontrar el archivo o es de una versión antigua; se ha copiado el archivo nuevo)

ACTION: SharedFile: "C:\Windows\System32\u2dnotes.dll"
(No se puede encontrar el archivo o es de una versión antigua; se ha copiado el archivo nuevo)

ACTION: SharedFile: "C:\Windows\System32\u2dmapi.dll"
(No se puede encontrar el archivo o es de una versión antigua; se ha copiado el archivo nuevo)

ACTION: SharedFile: "C:\Windows\System32\u2ddisk.dll"
(No se puede encontrar el archivo o es de una versión antigua; se ha copiado el archivo nuevo)

ACTION: SharedFile: "C:\Windows\System32\u2dapp.dll"
(No se puede encontrar el archivo o es de una versión antigua; se ha copiado el archivo nuevo)

ACTION: SharedFile: "C:\Windows\System32\p3tbtes.dll"
(No se puede encontrar el archivo o es de una versión antigua; se ha copiado el archivo nuevo)

ACTION: SharedFile: "C:\Windows\System32\p3sxses.dll"
(No se puede encontrar el archivo o es de una versión antigua; se ha copiado el archivo nuevo)

ACTION: SharedFile: "C:\Windows\System32\p3stkes.dll"
(No se puede encontrar el archivo o es de una versión antigua; se ha copiado el archivo nuevo)

ACTION: SharedFile: "C:\Windows\System32\u2frec.dll"
(No se puede encontrar el archivo o es de una versión antigua; se ha copiado el archivo nuevo)

ACTION: SharedFile: "C:\Windows\System32\p3ssqes.dll"
(No se puede encontrar el archivo o es de una versión antigua; se ha copiado el archivo nuevo)

ACTION: SharedFile: "C:\Windows\System32\p3srpes.dll"
(No se puede encontrar el archivo o es de una versión antigua; se ha copiado el archivo nuevo)

ACTION: SharedFile: "C:\Windows\System32\p3soues.dll"
(No se puede encontrar el archivo o es de una versión antigua; se ha copiado el archivo nuevo)

ACTION: SharedFile: "C:\Windows\System32\P3sopes.dll"
(No se puede encontrar el archivo o es de una versión antigua; se ha copiado el archivo nuevo)

ACTION: SharedFile: "C:\Windows\System32\p3soles.dll"
(No se puede encontrar el archivo o es de una versión antigua; se ha copiado el archivo nuevo)

ACTION: SharedFile: "C:\Windows\System32\p3so7es.dll"
(No se puede encontrar el archivo o es de una versión antigua; se ha copiado el archivo nuevo)

ACTION: SharedFile: "C:\Windows\System32\p3smpes.dll"
(No se puede encontrar el archivo o es de una versión antigua; se ha copiado el archivo nuevo)

ACTION: SharedFile: "C:\Windows\System32\p3smces.dll"
(No se puede encontrar el archivo o es de una versión antigua; se ha copiado el archivo nuevo)

ACTION: SharedFile: "C:\Windows\System32\p3slnes.dll"
(No se puede encontrar el archivo o es de una versión antigua; se ha copiado el archivo nuevo)

ACTION: SharedFile: "C:\Windows\System32\p3sifes.dll"
(No se puede encontrar el archivo o es de una versión antigua; se ha copiado el archivo nuevo)

ACTION: SharedFile: "C:\Windows\System32\p3sfses.dll"
(No se puede encontrar el archivo o es de una versión antigua; se ha copiado el archivo nuevo)

ACTION: SharedFile: "C:\Windows\System32\p3sd2es.dll"
(No se puede encontrar el archivo o es de una versión antigua; se ha copiado el archivo nuevo)

ACTION: SharedFile: "C:\Windows\System32\p3saces.dll"
(No se puede encontrar el archivo o es de una versión antigua; se ha copiado el archivo nuevo)

ACTION: SharedFile: "C:\Windows\System32\p3rates.dll"
(No se puede encontrar el archivo o es de una versión antigua; se ha copiado el archivo nuevo)

ACTION: SharedFile: "C:\Windows\System32\p3sstes.dll"
(No se puede encontrar el archivo o es de una versión antigua; se ha copiado el archivo nuevo)

ACTION: SharedFile: "C:\Windows\System32\P3mopes.dll"
(No se puede encontrar el archivo o es de una versión antigua; se ha copiado el archivo nuevo)

ACTION: SharedFile: "C:\Windows\System32\p3lsyes.dll"
(No se puede encontrar el archivo o es de una versión antigua; se ha copiado el archivo nuevo)

ACTION: SharedFile: "C:\Windows\System32\p3lsqes.dll"
(No se puede encontrar el archivo o es de una versión antigua; se ha copiado el archivo nuevo)

ACTION: SharedFile: "C:\Windows\System32\p3lores.dll"
(No se puede encontrar el archivo o es de una versión antigua; se ha copiado el archivo nuevo)

ACTION: SharedFile: "C:\Windows\System32\p3lodes.dll"
(No se puede encontrar el archivo o es de una versión antigua; se ha copiado el archivo nuevo)

ACTION: SharedFile: "C:\Windows\System32\p3lifes.dll"
(No se puede encontrar el archivo o es de una versión antigua; se ha copiado el archivo nuevo)

ACTION: SharedFile: "C:\Windows\System32\p3ld2es.dll"
(No se puede encontrar el archivo o es de una versión antigua; se ha copiado el archivo nuevo)

ACTION: SharedFile: "C:\Windows\System32\p3ixbes.dll"
(No se puede encontrar el archivo o es de una versión antigua; se ha copiado el archivo nuevo)

ACTION: SharedFile: "C:\Windows\System32\p3dxbes.dll"
(No se puede encontrar el archivo o es de una versión antigua; se ha copiado el archivo nuevo)

ACTION: SharedFile: "C:\Windows\System32\p3dbtes.dll"
(No se puede encontrar el archivo o es de una versión antigua; se ha copiado el archivo nuevo)

ACTION: SharedFile: "C:\Windows\System32\p3dates.dll"
(No se puede encontrar el archivo o es de una versión antigua; se ha copiado el archivo nuevo)

ACTION: SharedFile: "C:\Windows\System32\p3da3es.dll"
(No se puede encontrar el archivo o es de una versión antigua; se ha copiado el archivo nuevo)

ACTION: SharedFile: "C:\Windows\System32\p2strack.dll"
(No se puede encontrar el archivo o es de una versión antigua; se ha copiado el archivo nuevo)

ACTION: SharedFile: "C:\Windows\System32\p2ssyb10.dll"
(No se puede encontrar el archivo o es de una versión antigua; se ha copiado el archivo nuevo)

ACTION: SharedFile: "C:\Windows\System32\p3ra3es.dll"
(No se puede encontrar el archivo o es de una versión antigua; se ha copiado el archivo nuevo)

ACTION: SharedFile: "C:\Windows\System32\p2srepl.dll"
(No se puede encontrar el archivo o es de una versión antigua; se ha copiado el archivo nuevo)

ACTION: SharedFile: "C:\Windows\System32\p2soutlk.dll"
(No se puede encontrar el archivo o es de una versión antigua; se ha copiado el archivo nuevo)

ACTION: SharedFile: "C:\Windows\System32\p2sora7.dll"
(No se puede encontrar el archivo o es de una versión antigua; se ha copiado el archivo nuevo)

ACTION: SharedFile: "C:\Windows\System32\p2soledb.dll"
(No se puede encontrar el archivo o es de una versión antigua; se ha copiado el archivo nuevo)

ACTION: SharedFile: "C:\Windows\System32\p2solap.dll"
(No se puede encontrar el archivo o es de una versión antigua; se ha copiado el archivo nuevo)

ACTION: SharedFile: "C:\Windows\System32\p2sNote.dll"
(No se puede encontrar el archivo o es de una versión antigua; se ha copiado el archivo nuevo)

ACTION: SharedFile: "C:\Windows\System32\p2smcube.dll"
(No se puede encontrar el archivo o es de una versión antigua; se ha copiado el archivo nuevo)

ACTION: SharedFile: "C:\Windows\System32\p2smapi.dll"
(No se puede encontrar el archivo o es de una versión antigua; se ha copiado el archivo nuevo)

ACTION: SharedFile: "C:\Windows\System32\p2sifmx.dll"
(No se puede encontrar el archivo o es de una versión antigua; se ha copiado el archivo nuevo)

ACTION: SharedFile: "C:\Windows\System32\p2sfs.dll"
(No se puede encontrar el archivo o es de una versión antigua; se ha copiado el archivo nuevo)

ACTION: SharedFile: "C:\Windows\System32\p2sexsr.dll"
(No se puede encontrar el archivo o es de una versión antigua; se ha copiado el archivo nuevo)

ACTION: SharedFile: "C:\Windows\System32\p2sdb2.dll"
(No se puede encontrar el archivo o es de una versión antigua; se ha copiado el archivo nuevo)

ACTION: SharedFile: "C:\Windows\System32\p2sacl.dll"
(No se puede encontrar el archivo o es de una versión antigua; se ha copiado el archivo nuevo)

ACTION: SharedFile: "C:\Windows\System32\p2molap.dll"
(No se puede encontrar el archivo o es de una versión antigua; se ha copiado el archivo nuevo)

ACTION: SharedFile: "C:\Windows\System32\p2ssql.dll"
(No se puede encontrar el archivo o es de una versión antigua; se ha copiado el archivo nuevo)

ACTION: SharedFile: "C:\Windows\System32\P2lsql.dll"
(No se puede encontrar el archivo o es de una versión antigua; se ha copiado el archivo nuevo)

ACTION: SharedFile: "C:\Windows\System32\p2lora7.dll"
(No se puede encontrar el archivo o es de una versión antigua; se ha copiado el archivo nuevo)

ACTION: SharedFile: "C:\Windows\System32\p2lodbc.dll"
(No se puede encontrar el archivo o es de una versión antigua; se ha copiado el archivo nuevo)

ACTION: SharedFile: "C:\Windows\System32\P2LIFMX.dll"
(No se puede encontrar el archivo o es de una versión antigua; se ha copiado el archivo nuevo)

ACTION: SharedFile: "C:\Windows\System32\P2ldb2.dll"
(No se puede encontrar el archivo o es de una versión antigua; se ha copiado el archivo nuevo)

ACTION: SharedFile: "C:\Windows\System32\p2ixbse.dll"
(No se puede encontrar el archivo o es de una versión antigua; se ha copiado el archivo nuevo)

ACTION: SharedFile: "C:\Windows\System32\p2iract.dll"
(No se puede encontrar el archivo o es de una versión antigua; se ha copiado el archivo nuevo)

ACTION: SharedFile: "C:\Windows\System32\p2iract3.dll"
(No se puede encontrar el archivo o es de una versión antigua; se ha copiado el archivo nuevo)

ACTION: SharedFile: "C:\Windows\System32\p2ctbtrv.dll"
(No se puede encontrar el archivo o es de una versión antigua; se ha copiado el archivo nuevo)

ACTION: SharedFile: "C:\Windows\System32\p2bxbse.dll"
(No se puede encontrar el archivo o es de una versión antigua; se ha copiado el archivo nuevo)

ACTION: SharedFile: "C:\Windows\System32\P2lsyb10.dll"
(No se puede encontrar el archivo o es de una versión antigua; se ha copiado el archivo nuevo)

ACTION: SharedFile: "C:\Windows\System32\p2bact.dll"
(No se puede encontrar el archivo o es de una versión antigua; se ha copiado el archivo nuevo)

ACTION: SharedFile: "C:\Windows\System32\p2bact3.dll"
(No se puede encontrar el archivo o es de una versión antigua; se ha copiado el archivo nuevo)

ACTION: SharedFile: "C:\Windows\System32\p2bbtrv.dll"
(No se puede encontrar el archivo o es de una versión antigua; se ha copiado el archivo nuevo)

ACTION: SharedFile: "C:\Windows\System32\Crxlat32.dll"
(No se puede encontrar el archivo o es de una versión antigua; se ha copiado el archivo nuevo)

ACTION: SharedFile: "C:\sistemas\desarrollo\oracle\inicio.exe"
(El archivo en disco ya estaba actualizado)

ACTION: SharedFile: "C:\sistemas\desarrollo\oracle\rep_salidas_traspasos.rpt"
(El archivo en disco ya estaba actualizado)

ACTION: SharedFile: "C:\sistemas\desarrollo\oracle\rep_salida_vistas.rpt"
(El archivo en disco ya estaba actualizado)

ACTION: SharedFile: "C:\sistemas\desarrollo\oracle\rep_reporte_movimientos.rpt"
(El archivo en disco ya estaba actualizado)

ACTION: SharedFile: "C:\sistemas\desarrollo\oracle\rep_relación_facturas.rpt"
(El archivo en disco ya estaba actualizado)

ACTION: SharedFile: "C:\sistemas\desarrollo\oracle\rp_pedidos.rpt"
(El archivo en disco ya estaba actualizado)

ACTION: SharedFile: "C:\sistemas\desarrollo\oracle\orden_compra.rpt"
(El archivo en disco ya estaba actualizado)

ACTION: SharedFile: "C:\sistemas\desarrollo\oracle\mov.rpt"
(El archivo en disco ya estaba actualizado)

ACTION: SharedFile: "C:\sistemas\desarrollo\oracle\numero_letras.rpt"
(El archivo en disco ya estaba actualizado)

ACTION: SharedFile: "C:\sistemas\desarrollo\oracle\Catálogo de Artículos.rpt"
(El archivo en disco ya estaba actualizado)

ACTION: SystemFile: "C:\Windows\System32\MSPDOX35.DLL"
(No se puede encontrar el archivo o es de una versión antigua; se ha copiado el archivo nuevo)

ACTION: SystemFile: "C:\Windows\System32\MSLTUS35.DLL"
(No se puede encontrar el archivo o es de una versión antigua; se ha copiado el archivo nuevo)

ACTION: SystemFile: "C:\Windows\System32\MSTEXT35.DLL"
(No se puede encontrar el archivo o es de una versión antigua; se ha copiado el archivo nuevo)

ACTION: SharedFile: "C:\Windows\System32\MSEXCH35.DLL"
(No se puede encontrar el archivo o es de una versión antigua; se ha copiado el archivo nuevo)

ACTION: SystemFile: "C:\Windows\System32\MSEXCL35.DLL"
(No se puede encontrar el archivo o es de una versión antigua; se ha copiado el archivo nuevo)

ACTION: SystemFile: "C:\Windows\System32\MSXBSE35.DLL"
(No se puede encontrar el archivo o es de una versión antigua; se ha copiado el archivo nuevo)

ACTION: SharedFile: "C:\Windows\System32\DATGDES.DLL"
(No se puede encontrar el archivo o es de una versión antigua; se ha copiado el archivo nuevo)

ACTION: SharedFile: "C:\Windows\System32\stdftes.dll"
(No se puede encontrar el archivo o es de una versión antigua; se ha copiado el archivo nuevo)

ACTION: SharedFile: "C:\Windows\System32\msstdfmt.dll"
(No se puede encontrar el archivo o es de una versión antigua; se ha copiado el archivo nuevo)

ACTION: SharedFile: "C:\Windows\System32\MSDATGRD.OCX"
(No se puede encontrar el archivo o es de una versión antigua; se ha copiado el archivo nuevo)

ACTION: SharedFile: "C:\Windows\System32\MSMPIES.DLL"
(No se puede encontrar el archivo o es de una versión antigua; se ha copiado el archivo nuevo)

ACTION: SharedFile: "C:\Windows\System32\MSMAPI32.OCX"
(No se puede encontrar el archivo o es de una versión antigua; se ha copiado el archivo nuevo)

ACTION: SharedFile: "C:\Windows\System32\MCIES.DLL"
(No se puede encontrar el archivo o es de una versión antigua; se ha copiado el archivo nuevo)

ACTION: SharedFile: "C:\Windows\System32\MCI32.OCX"
(No se puede encontrar el archivo o es de una versión antigua; se ha copiado el archivo nuevo)

ACTION: SharedFile: "C:\Windows\System32\CMCTLES.DLL"
(No se puede encontrar el archivo o es de una versión antigua; se ha copiado el archivo nuevo)

ACTION: SharedFile: "C:\Windows\System32\COMCTL32.OCX"
(No se puede encontrar el archivo o es de una versión antigua; se ha copiado el archivo nuevo)

ACTION: SharedFile: "C:\Windows\System32\CMDLGES.DLL"
(No se puede encontrar el archivo o es de una versión antigua; se ha copiado el archivo nuevo)

ACTION: SharedFile: "C:\Windows\System32\Comdlg32.ocx"
(No se puede encontrar el archivo o es de una versión antigua; se ha copiado el archivo nuevo)

ACTION: SharedFile: "C:\Windows\System32\cselexpt.ocx"
(No se puede encontrar el archivo o es de una versión antigua; se ha copiado el archivo nuevo)

ACTION: SharedFile: "C:\Windows\System32\msmskES.dll"
(No se puede encontrar el archivo o es de una versión antigua; se ha copiado el archivo nuevo)

ACTION: SharedFile: "C:\Windows\System32\msmask32.ocx"
(No se puede encontrar el archivo o es de una versión antigua; se ha copiado el archivo nuevo)

ACTION: SharedFile: "C:\Windows\System32\TABCTES.DLL"
(No se puede encontrar el archivo o es de una versión antigua; se ha copiado el archivo nuevo)

ACTION: SharedFile: "C:\Windows\System32\TABCTL32.OCX"
(No se puede encontrar el archivo o es de una versión antigua; se ha copiado el archivo nuevo)

ACTION: SharedFile: "C:\Windows\System32\MSCC2ES.DLL"
(No se puede encontrar el archivo o es de una versión antigua; se ha copiado el archivo nuevo)

ACTION: SharedFile: "C:\Windows\System32\MSCOMCT2.OCX"
(No se puede encontrar el archivo o es de una versión antigua; se ha copiado el archivo nuevo)

ACTION: SharedFile: "C:\Windows\System32\ADODCES.DLL"
(No se puede encontrar el archivo o es de una versión antigua; se ha copiado el archivo nuevo)

ACTION: SharedFile: "C:\Windows\System32\MSADODC.OCX"
(No se puede encontrar el archivo o es de una versión antigua; se ha copiado el archivo nuevo)

ACTION: SharedFile: "C:\Windows\System32\FLXGDES.DLL"
(No se puede encontrar el archivo o es de una versión antigua; se ha copiado el archivo nuevo)

ACTION: SharedFile: "C:\Windows\System32\MSFLXGRD.OCX"
(No se puede encontrar el archivo o es de una versión antigua; se ha copiado el archivo nuevo)

ACTION: SharedFile: "C:\Windows\System32\MSCMCES.DLL"
(No se puede encontrar el archivo o es de una versión antigua; se ha copiado el archivo nuevo)

ACTION: SharedFile: "C:\Windows\System32\MSCOMCTL.OCX"
(No se puede encontrar el archivo o es de una versión antigua; se ha copiado el archivo nuevo)

ACTION: SharedFile: "C:\Windows\System32\MSO.DLL"
(No se puede encontrar el archivo o es de una versión antigua; se ha copiado el archivo nuevo)

ACTION: SharedFile: "C:\sistemas\desarrollo\oracle\EXCEL.EXE"
(El archivo en disco ya estaba actualizado)

ACTION: SharedFile: "C:\Windows\System32\wmp.dll"
(El archivo en disco ya estaba actualizado)

ACTION: SharedFile: "C:\Windows\System32\iashlpr.dll"
(El archivo en disco ya estaba actualizado)

ACTION: SharedFile: "C:\Windows\System32\agentctl.dll"
(No se puede encontrar el archivo o es de una versión antigua; se ha copiado el archivo nuevo)

ACTION: SharedFile: "C:\Windows\System32\p3smnes.dll"
(No se puede encontrar el archivo o es de una versión antigua; se ha copiado el archivo nuevo)

ACTION: SharedFile: "C:\Windows\System32\P2smon.dll"
(No se puede encontrar el archivo o es de una versión antigua; se ha copiado el archivo nuevo)

ACTION: SharedFile: "C:\Windows\System32\Crpaig80.dll"
(No se puede encontrar el archivo o es de una versión antigua; se ha copiado el archivo nuevo)

ACTION: SharedFile: "C:\sistemas\desarrollo\oracle\Implode.dll"
(No se puede encontrar el archivo o es de una versión antigua; se ha copiado el archivo nuevo)

ACTION: SharedFile: "C:\Windows\System32\craxdrt.dll"
(No se puede encontrar el archivo o es de una versión antigua; se ha copiado el archivo nuevo)

ACTION: SharedFile: "C:\Windows\System32\crviewer.dll"
(No se puede encontrar el archivo o es de una versión antigua; se ha copiado el archivo nuevo)

ACTION: SharedFile: "C:\Windows\System32\xqviewer.dll"
(No se puede encontrar el archivo o es de una versión antigua; se ha copiado el archivo nuevo)

ACTION: SharedFile: "C:\Windows\System32\VB5DB.DLL"
(No se puede encontrar el archivo o es de una versión antigua; se ha copiado el archivo nuevo)

ACTION: SystemFile: "C:\Windows\System32\MSREPL35.DLL"
(No se puede encontrar el archivo o es de una versión antigua; se ha copiado el archivo nuevo)

ACTION: SystemFile: "C:\Windows\System32\MSRD2X35.DLL"
(No se puede encontrar el archivo o es de una versión antigua; se ha copiado el archivo nuevo)

ACTION: SystemFile: "C:\Windows\System32\expsrv.dll"
(El archivo en disco ya estaba actualizado)

ACTION: SystemFile: "C:\Windows\System32\vbajet32.dll"
(El archivo en disco ya estaba actualizado)

ACTION: SystemFile: "C:\Windows\System32\MSJINT35.DLL"
(No se puede encontrar el archivo o es de una versión antigua; se ha copiado el archivo nuevo)

ACTION: SystemFile: "C:\Windows\System32\MSJTER35.DLL"
(No se puede encontrar el archivo o es de una versión antigua; se ha copiado el archivo nuevo)

ACTION: SystemFile: "C:\Windows\System32\MSJET35.DLL"
(No se puede encontrar el archivo o es de una versión antigua; se ha copiado el archivo nuevo)

ACTION: SharedFile: "C:\Windows\System32\RDO20ES.DLL"
(No se puede encontrar el archivo o es de una versión antigua; se ha copiado el archivo nuevo)

ACTION: SharedFile: "C:\Windows\System32\RDOCURS.DLL"
(No se puede encontrar el archivo o es de una versión antigua; se ha copiado el archivo nuevo)

ACTION: SharedFile: "C:\Windows\System32\MSRDO20.DLL"
(No se puede encontrar el archivo o es de una versión antigua; se ha copiado el archivo nuevo)

ACTION: SharedFile: "C:\Program Files (x86)\Common Files\microsoft shared\DAO\DAO350.DLL"
(No se puede encontrar el archivo o es de una versión antigua; se ha copiado el archivo nuevo)

ACTION: SharedFile: "C:\Windows\System32\MSBIND.DLL"
(No se puede encontrar el archivo o es de una versión antigua; se ha copiado el archivo nuevo)

ACTION: SharedFile: "C:\Windows\System32\msado25.tlb"
(No se puede encontrar el archivo o es de una versión antigua; se ha copiado el archivo nuevo)

ACTION: SharedFile: "C:\sistemas\desarrollo\oracle\sistema.exe"
(El archivo en disco ya estaba actualizado)

ACTION: DllSelfRegister: "C:\Windows\System32\vbskfree.ocx"

ACTION: DllSelfRegister: "C:\Windows\System32\combomultic.ocx"

ACTION: DllSelfRegister: "C:\Windows\System32\xp.ocx"

ACTION: DllSelfRegister: "C:\Windows\System32\MSPDOX35.DLL"

ACTION: DllSelfRegister: "C:\Windows\System32\MSLTUS35.DLL"

ACTION: DllSelfRegister: "C:\Windows\System32\MSTEXT35.DLL"

ACTION: DllSelfRegister: "C:\Windows\System32\MSEXCH35.DLL"

ACTION: DllSelfRegister: "C:\Windows\System32\MSEXCL35.DLL"

ACTION: DllSelfRegister: "C:\Windows\System32\MSXBSE35.DLL"

ACTION: DllSelfRegister: "C:\Windows\System32\msstdfmt.dll"

ACTION: DllSelfRegister: "C:\Windows\System32\MSDATGRD.OCX"

ACTION: DllSelfRegister: "C:\Windows\System32\MSMAPI32.OCX"

ACTION: DllSelfRegister: "C:\Windows\System32\MCI32.OCX"

ACTION: DllSelfRegister: "C:\Windows\System32\COMCTL32.OCX"

ACTION: DllSelfRegister: "C:\Windows\System32\Comdlg32.ocx"

ACTION: DllSelfRegister: "C:\Windows\System32\cselexpt.ocx"

ACTION: DllSelfRegister: "C:\Windows\System32\msmask32.ocx"

ACTION: DllSelfRegister: "C:\Windows\System32\TABCTL32.OCX"

ACTION: DllSelfRegister: "C:\Windows\System32\MSCOMCT2.OCX"

ACTION: DllSelfRegister: "C:\Windows\System32\MSADODC.OCX"

ACTION: DllSelfRegister: "C:\Windows\System32\MSFLXGRD.OCX"

ACTION: DllSelfRegister: "C:\Windows\System32\MSCOMCTL.OCX"

ACTION: DllSelfRegister: "C:\Windows\System32\wmp.dll"

ACTION: DllSelfRegister: "C:\Windows\System32\iashlpr.dll"

*** ERROR: DllRegisterServer(), del archivo 'C:\Windows\System32\agentctl.dll', devolvió un fallo
*** DURANTE ESTA ACCIÓN: DllSelfRegister: "C:\Windows\System32\agentctl.dll"

*** ERROR: Error al registrar el archivo 'C:\Windows\System32\agentctl.dll'
*** ERROR: (El usuario respondió con 'Pasar por alto')
*** DURANTE ESTA ACCIÓN: DllSelfRegister: "C:\Windows\System32\agentctl.dll"

ACTION: DllSelfRegister: "C:\Windows\System32\craxdrt.dll"

ACTION: DllSelfRegister: "C:\Windows\System32\crviewer.dll"

ACTION: DllSelfRegister: "C:\Windows\System32\xqviewer.dll"

ACTION: DllSelfRegister: "C:\Windows\System32\MSRD2X35.DLL"

ACTION: DllSelfRegister: "C:\Windows\System32\MSJET35.DLL"

ACTION: DllSelfRegister: "C:\Windows\System32\MSRDO20.DLL"

ACTION: DllSelfRegister: "C:\Program Files (x86)\Common Files\microsoft shared\DAO\DAO350.DLL"

ACTION: DllSelfRegister: "C:\Windows\System32\MSBIND.DLL"

ACTION: ShellLink: "Sistema Integral de Distribución", "Sistema Integral de Distribución"

ACTION: RegKey: "HKEY_LOCAL_MACHINE\SOFTWARE\Microsoft\Windows\CurrentVersion", "App Paths\sistema.exe"

ACTION: RegValue: "HKEY_LOCAL_MACHINE\SOFTWARE\Microsoft\Windows\CurrentVersion\App Paths\sistema.exe", ""

