Línea 213: la clase MSComctlLib.ListView del control lv_sellos no era una clase de control cargada.
Línea 266: la clase ComctlLib.ProgressBar del control ProgressBar2 no era una clase de control cargada.
Línea 277: la clase ComctlLib.ProgressBar del control ProgressBar1 no era una clase de control cargada.
Línea 579: la clase MSComctlLib.ListView del control lv_cajas_siguientes no era una clase de control cargada.
Línea 669: la clase MSComctlLib.ListView del control lv_cajas no era una clase de control cargada.
Línea 857: la clase WMPLibCtl.WindowsMediaPlayer del control wmp4 no era una clase de control cargada.
Línea 219: el nombre de la propiedad _ExtentX de lv_sellos no es válido.
Línea 220: el nombre de la propiedad _ExtentY de lv_sellos no es válido.
Línea 221: el nombre de la propiedad View de lv_sellos no es válido.
Línea 222: el nombre de la propiedad LabelEdit de lv_sellos no es válido.
Línea 223: el nombre de la propiedad LabelWrap de lv_sellos no es válido.
Línea 224: el nombre de la propiedad HideSelection de lv_sellos no es válido.
Línea 225: el nombre de la propiedad FullRowSelect de lv_sellos no es válido.
Línea 226: el nombre de la propiedad GridLines de lv_sellos no es válido.
Línea 227: el nombre de la propiedad _Version de lv_sellos no es válido.
Línea 232: el nombre de la propiedad NumItems de lv_sellos no es válido.
Línea 236: el nombre de la propiedad ColumnHeader(1) de lv_sellos no es válido.
Línea 272: el nombre de la propiedad _ExtentX de ProgressBar2 no es válido.
Línea 273: el nombre de la propiedad _ExtentY de ProgressBar2 no es válido.
Línea 274: el nombre de la propiedad _Version de ProgressBar2 no es válido.
Línea 283: el nombre de la propiedad _ExtentX de ProgressBar1 no es válido.
Línea 284: el nombre de la propiedad _ExtentY de ProgressBar1 no es válido.
Línea 285: el nombre de la propiedad _Version de ProgressBar1 no es válido.
Línea 585: el nombre de la propiedad _ExtentX de lv_cajas_siguientes no es válido.
Línea 586: el nombre de la propiedad _ExtentY de lv_cajas_siguientes no es válido.
Línea 587: el nombre de la propiedad View de lv_cajas_siguientes no es válido.
Línea 588: el nombre de la propiedad LabelEdit de lv_cajas_siguientes no es válido.
Línea 589: el nombre de la propiedad LabelWrap de lv_cajas_siguientes no es válido.
Línea 590: el nombre de la propiedad HideSelection de lv_cajas_siguientes no es válido.
Línea 591: el nombre de la propiedad FullRowSelect de lv_cajas_siguientes no es válido.
Línea 592: el nombre de la propiedad GridLines de lv_cajas_siguientes no es válido.
Línea 593: el nombre de la propiedad _Version de lv_cajas_siguientes no es válido.
Línea 598: el nombre de la propiedad NumItems de lv_cajas_siguientes no es válido.
Línea 602: el nombre de la propiedad ColumnHeader(1) de lv_cajas_siguientes no es válido.
Línea 607: el nombre de la propiedad ColumnHeader(2) de lv_cajas_siguientes no es válido.
Línea 612: el nombre de la propiedad ColumnHeader(3) de lv_cajas_siguientes no es válido.
Línea 617: el nombre de la propiedad ColumnHeader(4) de lv_cajas_siguientes no es válido.
Línea 623: el nombre de la propiedad ColumnHeader(5) de lv_cajas_siguientes no es válido.
Línea 628: el nombre de la propiedad ColumnHeader(6) de lv_cajas_siguientes no es válido.
Línea 633: el nombre de la propiedad ColumnHeader(7) de lv_cajas_siguientes no es válido.
Línea 638: el nombre de la propiedad ColumnHeader(8) de lv_cajas_siguientes no es válido.
Línea 644: el nombre de la propiedad ColumnHeader(9) de lv_cajas_siguientes no es válido.
Línea 649: el nombre de la propiedad ColumnHeader(10) de lv_cajas_siguientes no es válido.
Línea 675: el nombre de la propiedad _ExtentX de lv_cajas no es válido.
Línea 676: el nombre de la propiedad _ExtentY de lv_cajas no es válido.
Línea 677: el nombre de la propiedad View de lv_cajas no es válido.
Línea 678: el nombre de la propiedad LabelEdit de lv_cajas no es válido.
Línea 679: el nombre de la propiedad LabelWrap de lv_cajas no es válido.
Línea 680: el nombre de la propiedad HideSelection de lv_cajas no es válido.
Línea 681: el nombre de la propiedad FullRowSelect de lv_cajas no es válido.
Línea 682: el nombre de la propiedad GridLines de lv_cajas no es válido.
Línea 683: el nombre de la propiedad _Version de lv_cajas no es válido.
Línea 688: el nombre de la propiedad NumItems de lv_cajas no es válido.
Línea 692: el nombre de la propiedad ColumnHeader(1) de lv_cajas no es válido.
Línea 697: el nombre de la propiedad ColumnHeader(2) de lv_cajas no es válido.
Línea 702: el nombre de la propiedad ColumnHeader(3) de lv_cajas no es válido.
Línea 707: el nombre de la propiedad ColumnHeader(4) de lv_cajas no es válido.
Línea 713: el nombre de la propiedad ColumnHeader(5) de lv_cajas no es válido.
Línea 718: el nombre de la propiedad ColumnHeader(6) de lv_cajas no es válido.
Línea 723: el nombre de la propiedad ColumnHeader(7) de lv_cajas no es válido.
Línea 728: el nombre de la propiedad ColumnHeader(8) de lv_cajas no es válido.
Línea 734: el nombre de la propiedad ColumnHeader(9) de lv_cajas no es válido.
Línea 739: el nombre de la propiedad ColumnHeader(10) de lv_cajas no es válido.
Línea 744: el nombre de la propiedad ColumnHeader(11) de lv_cajas no es válido.
Línea 749: el nombre de la propiedad ColumnHeader(12) de lv_cajas no es válido.
Línea 754: el nombre de la propiedad ColumnHeader(13) de lv_cajas no es válido.
Línea 759: el nombre de la propiedad ColumnHeader(14) de lv_cajas no es válido.
Línea 864: el nombre de la propiedad URL de wmp4 no es válido.
Línea 865: el nombre de la propiedad rate de wmp4 no es válido.
Línea 866: el nombre de la propiedad balance de wmp4 no es válido.
Línea 867: el nombre de la propiedad currentPosition de wmp4 no es válido.
Línea 868: el nombre de la propiedad defaultFrame de wmp4 no es válido.
Línea 869: el nombre de la propiedad playCount de wmp4 no es válido.
Línea 870: el nombre de la propiedad autoStart de wmp4 no es válido.
Línea 871: el nombre de la propiedad currentMarker de wmp4 no es válido.
Línea 872: el nombre de la propiedad invokeURLs de wmp4 no es válido.
Línea 873: el nombre de la propiedad baseURL de wmp4 no es válido.
Línea 874: el nombre de la propiedad volume de wmp4 no es válido.
Línea 875: el nombre de la propiedad mute de wmp4 no es válido.
Línea 876: el nombre de la propiedad uiMode de wmp4 no es válido.
Línea 877: el nombre de la propiedad stretchToFit de wmp4 no es válido.
Línea 878: el nombre de la propiedad windowlessVideo de wmp4 no es válido.
Línea 880: el nombre de la propiedad enableContextMenu de wmp4 no es válido.
Línea 881: el nombre de la propiedad fullScreen de wmp4 no es válido.
Línea 882: el nombre de la propiedad SAMIStyle de wmp4 no es válido.
Línea 883: el nombre de la propiedad SAMILang de wmp4 no es válido.
Línea 884: el nombre de la propiedad SAMIFilename de wmp4 no es válido.
Línea 885: el nombre de la propiedad captioningID de wmp4 no es válido.
Línea 886: el nombre de la propiedad enableErrorDialogs de wmp4 no es válido.
Línea 887: el nombre de la propiedad _cx de wmp4 no es válido.
Línea 888: el nombre de la propiedad _cy de wmp4 no es válido.
